2026-05-04 07:57:37  ERROR     core.mt5_connector            mt5.login() failed: (-10001, 'IPC send failed')
2026-05-04 07:57:37  ERROR     bot.main                      Failed to get account info. Exiting.
2026-05-04 08:00:01  INFO      core.mt5_connector            Connected: login=5049682276  name=Harshit Chaudhary  balance=5074.66 USD
2026-05-04 08:00:01  INFO      bot.main                      ============================================================
2026-05-04 08:00:01  INFO      bot.main                        XAUUSD Multi-Timeframe Sweep Reversal Bot  [LIVE]
2026-05-04 08:00:01  INFO      bot.main                        Account : 5049682276  (Harshit Chaudhary)
2026-05-04 08:00:01  INFO      bot.main                        Balance : 5074.66 USD
2026-05-04 08:00:01  INFO      bot.main                        Entry TF: M1   |   Analysis TFs: M1, M5, M15, H1, H4
2026-05-04 08:00:01  INFO      bot.main                        TF Rules:
2026-05-04 08:00:01  INFO      bot.main                          M1    lookback=40   rr=1:1.5  priority=1
2026-05-04 08:00:01  INFO      bot.main                          M5    lookback=30   rr=1:2.0  priority=2
2026-05-04 08:00:01  INFO      bot.main                          M15   lookback=25   rr=1:3.0  priority=3
2026-05-04 08:00:01  INFO      bot.main                          H1    lookback=20   rr=1:4.0  priority=4
2026-05-04 08:00:01  INFO      bot.main                          H4    lookback=15   rr=1:5.0  priority=5
2026-05-04 08:00:01  INFO      bot.main                        Max open trades : 2
2026-05-04 08:00:01  INFO      bot.main                        Risk per trade  : 1.0%
2026-05-04 08:00:01  INFO      bot.main                        Daily loss limit: 5.0%
2026-05-04 08:00:01  INFO      bot.main                      ============================================================
2026-05-04 08:00:01  INFO      bot.main                      Bot started. Waiting for first M1 candle close…
2026-05-04 08:00:59  INFO      bot.main                      Shutdown signal (2) received — finishing current loop…
2026-05-04 08:00:59  INFO      bot.main                      Shutting down — closing all open positions…
2026-05-04 08:00:59  INFO      utils.trade_logger            No closed trades.
2026-05-04 08:00:59  INFO      bot.main                      Bot stopped cleanly.
2026-05-04 08:00:59  INFO      core.mt5_connector            MT5 disconnected.
2026-05-04 08:01:40  INFO      core.mt5_connector            Connected: login=5049682276  name=Harshit Chaudhary  balance=5074.66 USD
2026-05-04 08:01:40  INFO      bot.main                      ============================================================
2026-05-04 08:01:40  INFO      bot.main                        XAUUSD Multi-Timeframe Sweep Reversal Bot  [LIVE]
2026-05-04 08:01:40  INFO      bot.main                        Account : 5049682276  (Harshit Chaudhary)
2026-05-04 08:01:40  INFO      bot.main                        Balance : 5074.66 USD
2026-05-04 08:01:40  INFO      bot.main                        Entry TF: M1   |   Analysis TFs: M1, M5, M15, H1, H4
2026-05-04 08:01:40  INFO      bot.main                        TF Rules:
2026-05-04 08:01:40  INFO      bot.main                          M1    lookback=40   rr=1:1.5  priority=1
2026-05-04 08:01:40  INFO      bot.main                          M5    lookback=30   rr=1:2.0  priority=2
2026-05-04 08:01:40  INFO      bot.main                          M15   lookback=25   rr=1:3.0  priority=3
2026-05-04 08:01:40  INFO      bot.main                          H1    lookback=20   rr=1:4.0  priority=4
2026-05-04 08:01:40  INFO      bot.main                          H4    lookback=15   rr=1:5.0  priority=5
2026-05-04 08:01:40  INFO      bot.main                        Max open trades : 2
2026-05-04 08:01:40  INFO      bot.main                        Risk per trade  : 1.0%
2026-05-04 08:01:40  INFO      bot.main                        Daily loss limit: 5.0%
2026-05-04 08:01:40  INFO      bot.main                      ============================================================
2026-05-04 08:01:40  INFO      bot.main                      Bot started. Waiting for first M1 candle close…
2026-05-04 08:02:02  INFO      bot.main                      ── M1 tick @ 2026-05-04 02:32:02 UTC ──────────────────────────────────
2026-05-04 08:02:02  INFO      bot.main                      M1 close=4593.51  current=4593.14  open_trades=0/2
2026-05-04 08:02:02  INFO      bot.main                      No sweep signal across M1/M5/M15/H1/H4. Watching…
2026-05-04 08:03:02  INFO      bot.main                      ── M1 tick @ 2026-05-04 02:33:02 UTC ──────────────────────────────────
2026-05-04 08:03:04  INFO      bot.main                      M1 close=4592.93  current=4592.49  open_trades=0/2
2026-05-04 08:03:04  INFO      bot.main                      No sweep signal across M1/M5/M15/H1/H4. Watching…
2026-05-04 08:04:02  INFO      bot.main                      ── M1 tick @ 2026-05-04 02:34:02 UTC ──────────────────────────────────
2026-05-04 08:04:02  INFO      bot.main                      M1 close=4592.07  current=4595.02  open_trades=0/2
2026-05-04 08:04:02  INFO      bot.main                      No sweep signal across M1/M5/M15/H1/H4. Watching…
2026-05-04 08:05:02  INFO      bot.main                      ── M1 tick @ 2026-05-04 02:35:02 UTC ──────────────────────────────────
2026-05-04 08:05:02  INFO      bot.main                      M1 close=4594.86  current=4595.70  open_trades=0/2
2026-05-04 08:05:02  INFO      bot.main                      No sweep signal across M1/M5/M15/H1/H4. Watching…
2026-05-04 08:06:02  INFO      bot.main                      ── M1 tick @ 2026-05-04 02:36:02 UTC ──────────────────────────────────
2026-05-04 08:06:02  INFO      bot.main                      M1 close=4595.55  current=4596.26  open_trades=0/2
2026-05-04 08:06:02  INFO      core.sweep_detector           MTF sweep on M5: LONG  swept=4592.64  entry=4596.26  SL=4590.84  TP=4607.10  RR=1:2.0
2026-05-04 08:06:02  INFO      bot.main                      SIGNAL [M5] LONG  swept=4592.64  entry=4596.26  SL=4590.84  TP=4607.10  RR=1:2.0
2026-05-04 08:06:02  INFO      bot.main                        → [M5] Buy-side sweep below 4592.64. Wick 4591.14, close 4595.55. M1 entry=4596.26 SL=4590.84 TP=4607.10 RR=1:2.0
2026-05-04 08:06:02  INFO      core.risk_manager             New trading day. Start balance: 5074.66
2026-05-04 08:06:02  INFO      core.trade_executor           ORDER: LONG  tf=M5  rr=1:2.0  entry=4596.26  SL=4590.84  TP=4607.10  lots=0.09
2026-05-04 08:06:02  ERROR     core.trade_executor           Order rejected: retcode=10030
2026-05-04 08:06:02  WARNING   bot.main                      Trade skipped or rejected by broker.
2026-05-04 08:07:02  INFO      bot.main                      ── M1 tick @ 2026-05-04 02:37:02 UTC ──────────────────────────────────
2026-05-04 08:07:02  INFO      bot.main                      M1 close=4595.92  current=4597.60  open_trades=0/2
2026-05-04 08:07:02  INFO      core.sweep_detector           MTF sweep on M5: LONG  swept=4592.64  entry=4597.60  SL=4590.84  TP=4611.12  RR=1:2.0
2026-05-04 08:07:02  INFO      bot.main                      SIGNAL [M5] LONG  swept=4592.64  entry=4597.60  SL=4590.84  TP=4611.12  RR=1:2.0
2026-05-04 08:07:02  INFO      bot.main                        → [M5] Buy-side sweep below 4592.64. Wick 4591.14, close 4595.55. M1 entry=4597.60 SL=4590.84 TP=4611.12 RR=1:2.0
2026-05-04 08:07:02  INFO      core.trade_executor           ORDER: LONG  tf=M5  rr=1:2.0  entry=4597.60  SL=4590.84  TP=4611.12  lots=0.08
2026-05-04 08:07:02  ERROR     core.trade_executor           Order rejected: retcode=10030
2026-05-04 08:07:02  WARNING   bot.main                      Trade skipped or rejected by broker.
2026-05-04 08:08:02  INFO      bot.main                      ── M1 tick @ 2026-05-04 02:38:02 UTC ──────────────────────────────────
2026-05-04 08:08:02  INFO      bot.main                      M1 close=4597.43  current=4600.57  open_trades=0/2
2026-05-04 08:08:02  INFO      core.sweep_detector           MTF sweep on M5: LONG  swept=4592.64  entry=4600.57  SL=4590.84  TP=4620.03  RR=1:2.0
2026-05-04 08:08:02  INFO      bot.main                      SIGNAL [M5] LONG  swept=4592.64  entry=4600.57  SL=4590.84  TP=4620.03  RR=1:2.0
2026-05-04 08:08:02  INFO      bot.main                        → [M5] Buy-side sweep below 4592.64. Wick 4591.14, close 4595.55. M1 entry=4600.57 SL=4590.84 TP=4620.03 RR=1:2.0
2026-05-04 08:08:02  INFO      core.trade_executor           ORDER: LONG  tf=M5  rr=1:2.0  entry=4600.57  SL=4590.84  TP=4620.03  lots=0.05
2026-05-04 08:08:02  ERROR     core.trade_executor           Order rejected: retcode=10030
2026-05-04 08:08:02  WARNING   bot.main                      Trade skipped or rejected by broker.
2026-05-04 08:09:02  INFO      bot.main                      ── M1 tick @ 2026-05-04 02:39:02 UTC ──────────────────────────────────
2026-05-04 08:09:02  INFO      bot.main                      M1 close=4600.49  current=4600.39  open_trades=0/2
2026-05-04 08:09:02  INFO      core.sweep_detector           MTF sweep on M5: LONG  swept=4592.64  entry=4600.39  SL=4590.84  TP=4619.49  RR=1:2.0
2026-05-04 08:09:02  INFO      bot.main                      SIGNAL [M5] LONG  swept=4592.64  entry=4600.39  SL=4590.84  TP=4619.49  RR=1:2.0
2026-05-04 08:09:02  INFO      bot.main                        → [M5] Buy-side sweep below 4592.64. Wick 4591.14, close 4595.55. M1 entry=4600.39 SL=4590.84 TP=4619.49 RR=1:2.0
2026-05-04 08:09:02  INFO      core.trade_executor           ORDER: LONG  tf=M5  rr=1:2.0  entry=4600.39  SL=4590.84  TP=4619.49  lots=0.05
2026-05-04 08:09:02  ERROR     core.trade_executor           Order rejected: retcode=10030
2026-05-04 08:09:02  WARNING   bot.main                      Trade skipped or rejected by broker.
2026-05-04 08:10:02  INFO      bot.main                      ── M1 tick @ 2026-05-04 02:40:02 UTC ──────────────────────────────────
2026-05-04 08:10:02  INFO      bot.main                      M1 close=4600.75  current=4600.76  open_trades=0/2
2026-05-04 08:10:02  INFO      core.sweep_detector           MTF sweep on M5: LONG  swept=4592.64  entry=4600.76  SL=4590.84  TP=4620.60  RR=1:2.0
2026-05-04 08:10:02  INFO      bot.main                      SIGNAL [M5] LONG  swept=4592.64  entry=4600.76  SL=4590.84  TP=4620.60  RR=1:2.0
2026-05-04 08:10:02  INFO      bot.main                        → [M5] Buy-side sweep below 4592.64. Wick 4591.14, close 4595.55. M1 entry=4600.76 SL=4590.84 TP=4620.60 RR=1:2.0
2026-05-04 08:10:02  INFO      core.trade_executor           ORDER: LONG  tf=M5  rr=1:2.0  entry=4600.76  SL=4590.84  TP=4620.60  lots=0.05
2026-05-04 08:10:02  ERROR     core.trade_executor           Order rejected: retcode=10030
2026-05-04 08:10:02  WARNING   bot.main                      Trade skipped or rejected by broker.
2026-05-04 08:11:02  INFO      bot.main                      ── M1 tick @ 2026-05-04 02:41:02 UTC ──────────────────────────────────
2026-05-04 08:11:02  INFO      bot.main                      M1 close=4600.61  current=4600.89  open_trades=0/2
2026-05-04 08:11:02  INFO      bot.main                      No sweep signal across M1/M5/M15/H1/H4. Watching…
2026-05-04 08:12:02  INFO      bot.main                      ── M1 tick @ 2026-05-04 02:42:02 UTC ──────────────────────────────────
2026-05-04 08:12:02  INFO      bot.main                      M1 close=4600.85  current=4600.41  open_trades=0/2
2026-05-04 08:12:02  INFO      bot.main                      No sweep signal across M1/M5/M15/H1/H4. Watching…
2026-05-04 08:13:02  INFO      bot.main                      ── M1 tick @ 2026-05-04 02:43:02 UTC ──────────────────────────────────
2026-05-04 08:13:02  INFO      bot.main                      M1 close=4600.20  current=4601.48  open_trades=0/2
2026-05-04 08:13:02  INFO      bot.main                      No sweep signal across M1/M5/M15/H1/H4. Watching…
2026-05-04 08:14:02  INFO      bot.main                      ── M1 tick @ 2026-05-04 02:44:02 UTC ──────────────────────────────────
2026-05-04 08:14:02  INFO      bot.main                      M1 close=4601.38  current=4601.58  open_trades=0/2
2026-05-04 08:14:02  INFO      bot.main                      No sweep signal across M1/M5/M15/H1/H4. Watching…
2026-05-04 08:15:02  INFO      bot.main                      ── M1 tick @ 2026-05-04 02:45:02 UTC ──────────────────────────────────
2026-05-04 08:15:02  INFO      bot.main                      M1 close=4601.41  current=4603.24  open_trades=0/2
2026-05-04 08:15:02  INFO      bot.main                      No sweep signal across M1/M5/M15/H1/H4. Watching…
2026-05-04 08:16:02  INFO      bot.main                      ── M1 tick @ 2026-05-04 02:46:02 UTC ──────────────────────────────────
2026-05-04 08:16:02  INFO      bot.main                      M1 close=4603.99  current=4604.90  open_trades=0/2
2026-05-04 08:16:02  INFO      bot.main                      No sweep signal across M1/M5/M15/H1/H4. Watching…
2026-05-04 08:16:07  INFO      bot.main                      Shutdown signal (2) received — finishing current loop…
2026-05-04 08:16:08  INFO      bot.main                      Shutting down — closing all open positions…
2026-05-04 08:16:08  INFO      utils.trade_logger            No closed trades.
2026-05-04 08:16:08  INFO      bot.main                      Bot stopped cleanly.
2026-05-04 08:16:08  INFO      core.mt5_connector            MT5 disconnected.
